[13:33:38] [Server thread/INFO]: Starting minecraft server version 1.12.2
[13:33:38] [Server thread/INFO]: Loading properties
[13:33:38] [Server thread/INFO]: Default game type: SURVIVAL
[13:33:38] [Server thread/INFO]: This server is running Paper version git-Paper-1618 (MC: 1.12.2) (Implementing API version 1.12.2-R0.1-SNAPSHOT)
[13:33:38] [Server thread/INFO]: Debug logging is disabled
[13:33:38] [Server thread/INFO]: Server Ping Player Sample Count: 12
[13:33:38] [Server thread/INFO]: Using 4 threads for Netty based IO
[13:33:38] [Server thread/INFO]: Generating keypair
[13:33:41] [Server thread/INFO]: Starting Minecraft server on *:25565
[13:33:41] [Server thread/INFO]: Using default channel type
[13:33:42] [Server thread/INFO]: Set PluginClassLoader as parallel capable
[13:33:42] [Server thread/INFO]: [Tap] Loading Tap v1.0
[13:33:42] [Server thread/INFO]: [EntityQuiz] Loading EntityQuiz v1.0
[13:33:42] [Server thread/INFO]: [CustomEntity] Loading CustomEntity v1.0
[13:33:42] [Server thread/INFO]: [WorldEdit] Loading WorldEdit v6.1.9;caf0ad9
[13:33:42] [Server thread/INFO]: [Kotlin] Loading Kotlin v1.4.21
[13:33:42] [Server thread/INFO]: Server permissions file permissions.yml is empty, ignoring it
[13:33:42] [Server thread/INFO]: **** Beginning UUID conversion, this may take A LONG time ****
[13:33:42] [Server thread/INFO]: Preparing level "world"
[13:33:42] [Server thread/INFO]: -------- World Settings For [world] --------
[13:33:42] [Server thread/INFO]: Arrow Despawn Rate: 1200
[13:33:42] [Server thread/INFO]: Item Merge Radius: 2.5
[13:33:42] [Server thread/INFO]: Item Despawn Rate: 6000
[13:33:42] [Server thread/INFO]: Allow Zombie Pigmen to spawn from portal blocks: true
[13:33:42] [Server thread/INFO]: View Distance: 10
[13:33:42] [Server thread/INFO]: Experience Merge Radius: 3.0
[13:33:42] [Server thread/INFO]: Nerfing mobs spawned from spawners: false
[13:33:42] [Server thread/INFO]: Zombie Aggressive Towards Villager: true
[13:33:42] [Server thread/INFO]: Mob Spawn Range: 4
[13:33:42] [Server thread/INFO]: Cactus Growth Modifier: 100%
[13:33:42] [Server thread/INFO]: Cane Growth Modifier: 100%
[13:33:42] [Server thread/INFO]: Melon Growth Modifier: 100%
[13:33:42] [Server thread/INFO]: Mushroom Growth Modifier: 100%
[13:33:42] [Server thread/INFO]: Pumpkin Growth Modifier: 100%
[13:33:42] [Server thread/INFO]: Sapling Growth Modifier: 100%
[13:33:42] [Server thread/INFO]: Wheat Growth Modifier: 100%
[13:33:42] [Server thread/INFO]: NetherWart Growth Modifier: 100%
[13:33:42] [Server thread/INFO]: Vine Growth Modifier: 100%
[13:33:42] [Server thread/INFO]: Cocoa Growth Modifier: 100%
[13:33:42] [Server thread/INFO]: Entity Tracking Range: Pl 48 / An 48 / Mo 48 / Mi 32 / Other 64
[13:33:42] [Server thread/INFO]: Tile Max Tick Time: 50ms Entity max Tick Time: 50ms
[13:33:42] [Server thread/INFO]: Max TNT Explosions: 100
[13:33:42] [Server thread/INFO]: Random Lighting Updates: false
[13:33:42] [Server thread/INFO]: Custom Map Seeds:  Village: 10387312 Feature: 14357617 Monument: 10387313 Slime: 987234911
[13:33:42] [Server thread/INFO]: Hopper Transfer: 8 Hopper Check: 1 Hopper Amount: 1
[13:33:42] [Server thread/INFO]: Entity Activation Range: An 32 / Mo 32 / Mi 16 / Tiv true
[13:33:42] [Server thread/INFO]: Structure Info Saving: true
[13:33:43] [Server thread/INFO]: -------- World Settings For [world_nether] --------
[13:33:43] [Server thread/INFO]: Arrow Despawn Rate: 1200
[13:33:43] [Server thread/INFO]: Item Merge Radius: 2.5
[13:33:43] [Server thread/INFO]: Item Despawn Rate: 6000
[13:33:43] [Server thread/INFO]: Allow Zombie Pigmen to spawn from portal blocks: true
[13:33:43] [Server thread/INFO]: View Distance: 10
[13:33:43] [Server thread/INFO]: Experience Merge Radius: 3.0
[13:33:43] [Server thread/INFO]: Nerfing mobs spawned from spawners: false
[13:33:43] [Server thread/INFO]: Zombie Aggressive Towards Villager: true
[13:33:43] [Server thread/INFO]: Mob Spawn Range: 4
[13:33:43] [Server thread/INFO]: Cactus Growth Modifier: 100%
[13:33:43] [Server thread/INFO]: Cane Growth Modifier: 100%
[13:33:43] [Server thread/INFO]: Melon Growth Modifier: 100%
[13:33:43] [Server thread/INFO]: Mushroom Growth Modifier: 100%
[13:33:43] [Server thread/INFO]: Pumpkin Growth Modifier: 100%
[13:33:43] [Server thread/INFO]: Sapling Growth Modifier: 100%
[13:33:43] [Server thread/INFO]: Wheat Growth Modifier: 100%
[13:33:43] [Server thread/INFO]: NetherWart Growth Modifier: 100%
[13:33:43] [Server thread/INFO]: Vine Growth Modifier: 100%
[13:33:43] [Server thread/INFO]: Cocoa Growth Modifier: 100%
[13:33:43] [Server thread/INFO]: Entity Tracking Range: Pl 48 / An 48 / Mo 48 / Mi 32 / Other 64
[13:33:43] [Server thread/INFO]: Tile Max Tick Time: 50ms Entity max Tick Time: 50ms
[13:33:43] [Server thread/INFO]: Max TNT Explosions: 100
[13:33:43] [Server thread/INFO]: Random Lighting Updates: false
[13:33:43] [Server thread/INFO]: Custom Map Seeds:  Village: 10387312 Feature: 14357617 Monument: 10387313 Slime: 987234911
[13:33:43] [Server thread/INFO]: Hopper Transfer: 8 Hopper Check: 1 Hopper Amount: 1
[13:33:43] [Server thread/INFO]: Entity Activation Range: An 32 / Mo 32 / Mi 16 / Tiv true
[13:33:43] [Server thread/INFO]: Structure Info Saving: true
[13:33:43] [Server thread/INFO]: -------- World Settings For [world_the_end] --------
[13:33:43] [Server thread/INFO]: Arrow Despawn Rate: 1200
[13:33:43] [Server thread/INFO]: Item Merge Radius: 2.5
[13:33:43] [Server thread/INFO]: Item Despawn Rate: 6000
[13:33:43] [Server thread/INFO]: Allow Zombie Pigmen to spawn from portal blocks: true
[13:33:43] [Server thread/INFO]: View Distance: 10
[13:33:43] [Server thread/INFO]: Experience Merge Radius: 3.0
[13:33:43] [Server thread/INFO]: Nerfing mobs spawned from spawners: false
[13:33:43] [Server thread/INFO]: Zombie Aggressive Towards Villager: true
[13:33:43] [Server thread/INFO]: Mob Spawn Range: 4
[13:33:43] [Server thread/INFO]: Cactus Growth Modifier: 100%
[13:33:43] [Server thread/INFO]: Cane Growth Modifier: 100%
[13:33:43] [Server thread/INFO]: Melon Growth Modifier: 100%
[13:33:43] [Server thread/INFO]: Mushroom Growth Modifier: 100%
[13:33:43] [Server thread/INFO]: Pumpkin Growth Modifier: 100%
[13:33:43] [Server thread/INFO]: Sapling Growth Modifier: 100%
[13:33:43] [Server thread/INFO]: Wheat Growth Modifier: 100%
[13:33:43] [Server thread/INFO]: NetherWart Growth Modifier: 100%
[13:33:43] [Server thread/INFO]: Vine Growth Modifier: 100%
[13:33:43] [Server thread/INFO]: Cocoa Growth Modifier: 100%
[13:33:43] [Server thread/INFO]: Entity Tracking Range: Pl 48 / An 48 / Mo 48 / Mi 32 / Other 64
[13:33:43] [Server thread/INFO]: Tile Max Tick Time: 50ms Entity max Tick Time: 50ms
[13:33:43] [Server thread/INFO]: Max TNT Explosions: 100
[13:33:43] [Server thread/INFO]: Random Lighting Updates: false
[13:33:43] [Server thread/INFO]: Custom Map Seeds:  Village: 10387312 Feature: 14357617 Monument: 10387313 Slime: 987234911
[13:33:43] [Server thread/INFO]: Hopper Transfer: 8 Hopper Check: 1 Hopper Amount: 1
[13:33:43] [Server thread/INFO]: Entity Activation Range: An 32 / Mo 32 / Mi 16 / Tiv true
[13:33:43] [Server thread/INFO]: Structure Info Saving: true
[13:33:44] [Server thread/INFO]: Preparing start region for level 0 (Seed: 5155541251963396462)
[13:33:44] [Server thread/INFO]: Preparing start region for level 1 (Seed: -6363126135934457469)
[13:33:45] [Server thread/INFO]: Preparing start region for level 2 (Seed: -6363126135934457469)
[13:33:45] [Server thread/INFO]: [Tap] Enabling Tap v1.0
[13:33:45] [Server thread/INFO]: [EntityQuiz] Enabling EntityQuiz v1.0
[13:33:45] [Server thread/INFO]: [CustomEntity] Enabling CustomEntity v1.0
[13:33:45] [Server thread/INFO]: [WorldEdit] Enabling WorldEdit v6.1.9;caf0ad9
[13:33:46] [Server thread/INFO]: WEPIF: Using the Bukkit Permissions API.
[13:33:46] [Server thread/INFO]: [WorldEdit] Using com.sk89q.worldedit.bukkit.adapter.impl.Spigot_v1_12_R2 as the Bukkit adapter
[13:33:46] [Server thread/INFO]: [Kotlin] Enabling Kotlin v1.4.21
[13:33:46] [Server thread/INFO]: Done (4.076s)! For help, type "help" or "?"
[13:33:46] [Server thread/INFO]: Timings Reset
[13:33:47] [Server thread/INFO]: Stopping the server
[13:33:47] [Server thread/INFO]: Stopping server
[13:33:47] [Server thread/INFO]: [Kotlin] Disabling Kotlin v1.4.21
[13:33:47] [Server thread/INFO]: [WorldEdit] Disabling WorldEdit v6.1.9;caf0ad9
[13:33:47] [Server thread/INFO]: [CustomEntity] Disabling CustomEntity v1.0
[13:33:47] [Server thread/INFO]: [EntityQuiz] Disabling EntityQuiz v1.0
[13:33:47] [Server thread/INFO]: [Tap] Disabling Tap v1.0
[13:33:47] [Server thread/INFO]: Saving players
[13:33:47] [Server thread/INFO]: Saving worlds
[13:33:47] [Server thread/INFO]: Saving chunks for level 'world'/overworld
[13:33:47] [Server thread/INFO]: Saving chunks for level 'world_nether'/the_nether
[13:33:47] [Server thread/INFO]: Saving chunks for level 'world_the_end'/the_end
